{
  "stats": {
    "suites": 1,
    "tests": 2,
    "passes": 1,
    "pending": 0,
    "failures": 1,
    "start": "2023-04-13T22:57:05.012Z",
    "end": "2023-04-13T22:57:27.084Z",
    "duration": 22072,
    "testsRegistered": 2,
    "passPercent": 50,
    "pendingPercent": 0,
    "other": 0,
    "hasOther": false,
    "skipped": 0,
    "hasSkipped": false
  },
  "results": [
    {
      "uuid": "66bcaf3b-05ce-43ed-af45-b40250b2fe31",
      "title": "",
      "fullFile": "cypress/integration/Registration.cy.js",
      "file": "cypress/integration/Registration.cy.js",
      "beforeHooks": [],
      "afterHooks": [],
      "tests": [],
      "suites": [
        {
          "uuid": "41a1a8f3-bf32-4931-aa80-986dc3635e89",
          "title": "Registration Scenarios",
          "fullFile": "",
          "file": "",
          "beforeHooks": [],
          "afterHooks": [],
          "tests": [
            {
              "title": "Valid Registration Script for e-commerce website",
              "fullTitle": "Registration Scenarios Valid Registration Script for e-commerce website",
              "timedOut": null,
              "duration": 11264,
              "state": "failed",
              "speed": null,
              "pass": false,
              "fail": true,
              "pending": false,
              "context": "{\n  \"title\": \"cypress-mochawesome-reporter-screenshots\",\n  \"value\": [\n    [\n      {\n        \"title\": \"Failed screenshot\",\n        \"value\": \"\\\\Registration.cy.js\\\\Registration Scenarios -- Valid Registration Script for e-commerce website (failed).png\"\n      }\n    ]\n  ]\n}",
              "code": "// Choose MALE as the gender\ncy.get('#gender-male').click(); // Enter FIRST NAME\nregistrationPage.enterFisrtName(\"Ahmed\"); // Enter LAST NAME\nregistrationPage.enterLastName(\"Ali\"); // Select BirthDay\ncy.get('[name=\"DateOfBirthDay\"]').select(\"3\"); // Select BirthMonth\ncy.get('[name=\"DateOfBirthMonth\"]').select(\"5\"); // Select BirthYear\ncy.get('[name=\"DateOfBirthYear\"]').select(\"2000\"); // Enter email\nregistrationPage.enterEmail(\"ahmedal@gmail.com\"); // Enter Company Name\ncy.get('#Company').type(\"Professional Tester\"); // Enter Password\ncy.get('#Password').type(\"AHMEDali123\"); // Confirm Password\ncy.get('#ConfirmPassword').type(\"AHMEDali123\"); // Click on Register Button \nregistrationPage.registrationBtn(); // Assert that the successful message appears with the expected color\ncy.get('.result').should('be.visible').and('have.css', 'color', 'rgb(76, 177, 124)'); // Green color in RGB format",
              "err": {
                "message": "AssertionError: Timed out retrying after 4000ms: Expected to find element: `.result`, but never found it.",
                "estack": "AssertionError: Timed out retrying after 4000ms: Expected to find element: `.result`, but never found it.\n    at Context.eval (https://demo.nopcommerce.com/__cypress/tests?p=cypress\\integration\\Registration.cy.js:134:23)",
                "diff": null
              },
              "uuid": "6b6cd357-1d5f-4b7a-a355-d5f0dac181ee",
              "parentUUID": "41a1a8f3-bf32-4931-aa80-986dc3635e89",
              "isHook": false,
              "skipped": false
            },
            {
              "title": "Invalid Registration Script for e-commerce website",
              "fullTitle": "Registration Scenarios Invalid Registration Script for e-commerce website",
              "timedOut": null,
              "duration": 6693,
              "state": "passed",
              "speed": "medium",
              "pass": true,
              "fail": false,
              "pending": false,
              "context": null,
              "code": "// Choose MALE as the gender\ncy.get('#gender-male').click(); // Enter FIRST NAME\nregistrationPage.enterFisrtName(\"Ahmed\"); // Enter LAST NAME\nregistrationPage.enterLastName(\"Ali\"); // Select BirthDay\ncy.get('[name=\"DateOfBirthDay\"]').select(\"3\"); // Select BirthMonth\ncy.get('[name=\"DateOfBirthMonth\"]').select(\"5\"); // Select BirthYear\ncy.get('[name=\"DateOfBirthYear\"]').select(\"2000\"); // Enter email\nregistrationPage.enterEmail(\"ahmedal@gmail.com\"); // Enter Company Name\ncy.get('#Company').type(\"Professional Tester\"); // Enter Password\ncy.get('#Password').type(\"AHMEDali123\"); // Confirm Password\ncy.get('#ConfirmPassword').type(\"AHMEDali123\"); // Click on Register Button \nregistrationPage.registrationBtn(); // Assert that the error message appears with the expected color\ncy.get('.message-error > ul > li').should('be.visible').and('have.css', 'color', 'rgb(228, 67, 75)'); // Red color in RGB format",
              "err": {},
              "uuid": "56d1a34c-1c42-47af-8433-fe47fda0d3de",
              "parentUUID": "41a1a8f3-bf32-4931-aa80-986dc3635e89",
              "isHook": false,
              "skipped": false
            }
          ],
          "suites": [],
          "passes": [
            "56d1a34c-1c42-47af-8433-fe47fda0d3de"
          ],
          "failures": [
            "6b6cd357-1d5f-4b7a-a355-d5f0dac181ee"
          ],
          "pending": [],
          "skipped": [],
          "duration": 17957,
          "root": false,
          "rootEmpty": false,
          "_timeout": 2000
        }
      ],
      "passes": [],
      "failures": [],
      "pending": [],
      "skipped": [],
      "duration": 0,
      "root": true,
      "rootEmpty": true,
      "_timeout": 2000
    }
  ],
  "meta": {
    "mocha": {
      "version": "7.0.1"
    },
    "mochawesome": {
      "options": {
        "quiet": false,
        "reportFilename": "mochawesome",
        "saveHtml": true,
        "saveJson": true,
        "consoleReporter": "spec",
        "useInlineDiffs": false,
        "code": true
      },
      "version": "7.1.3"
    },
    "marge": {
      "options": {
        "reportDir": "cypress/mochawesome-report",
        "overwrite": false,
        "html": true,
        "json": true
      },
      "version": "6.2.0"
    }
  }
}